<?xml version="1.0" encoding="UTF-8"?>
<robot generator="Robot 6.0.2 (Python 3.11.2 on win32)" generated="20230406 23:32:13.923" rpa="false" schemaversion="3">
<suite id="s1" name="Avaliacao Teste" source="D:\Users\User\Downloads\AvaliacaoRobot\avaliacao_teste.robot">
<test id="s1-t1" name="Caso de Teste 01 - Enviar formulario" line="9">
<kw name="Abrir o navegador" library="resources" type="SETUP">
<kw name="Open Browser" library="SeleniumLibrary">
<arg>browser=chrome</arg>
<doc>Opens a new browser instance to the optional ``url``.</doc>
<msg timestamp="20230406 23:32:14.196" level="INFO">Opening browser 'chrome' to base url 'None'.</msg>
<status status="PASS" starttime="20230406 23:32:14.196" endtime="20230406 23:32:15.770"/>
</kw>
<kw name="Maximize Browser Window" library="SeleniumLibrary">
<doc>Maximizes current browser window.</doc>
<status status="PASS" starttime="20230406 23:32:15.771" endtime="20230406 23:32:15.882"/>
</kw>
<status status="PASS" starttime="20230406 23:32:14.195" endtime="20230406 23:32:15.882"/>
</kw>
<kw name=" Acessar a home page do site PHPTRAVELS" library="resources">
<kw name="Go To" library="SeleniumLibrary">
<arg>${URL}</arg>
<doc>Navigates the current browser window to the provided ``url``.</doc>
<msg timestamp="20230406 23:32:15.883" level="INFO">Opening url 'https://phptravels.com/demo'</msg>
<status status="PASS" starttime="20230406 23:32:15.883" endtime="20230406 23:32:17.225"/>
</kw>
<kw name="Wait Until Element Is Visible" library="SeleniumLibrary">
<arg>locator=${SUBMIT}</arg>
<doc>Waits until the element ``locator`` is visible.</doc>
<status status="PASS" starttime="20230406 23:32:17.225" endtime="20230406 23:32:17.535"/>
</kw>
<status status="PASS" starttime="20230406 23:32:15.883" endtime="20230406 23:32:17.535"/>
</kw>
<kw name="Preencher o formulario Instant Demo" library="resources">
<kw name="Input Text" library="SeleniumLibrary">
<arg>locator=first_name</arg>
<arg>text=${USUARIO.nome}</arg>
<doc>Types the given ``text`` into the text field identified by ``locator``.</doc>
<msg timestamp="20230406 23:32:17.538" level="INFO">Typing text 'Felipe' into text field 'first_name'.</msg>
<status status="PASS" starttime="20230406 23:32:17.536" endtime="20230406 23:32:17.664"/>
</kw>
<kw name="Input Text" library="SeleniumLibrary">
<arg>locator=last_name</arg>
<arg>text=${USUARIO.sobrenome}</arg>
<doc>Types the given ``text`` into the text field identified by ``locator``.</doc>
<msg timestamp="20230406 23:32:17.665" level="INFO">Typing text 'Manoel' into text field 'last_name'.</msg>
<status status="PASS" starttime="20230406 23:32:17.664" endtime="20230406 23:32:17.766"/>
</kw>
<kw name="Input Text" library="SeleniumLibrary">
<arg>locator=business_name</arg>
<arg>text=${USUARIO.busines}</arg>
<doc>Types the given ``text`` into the text field identified by ``locator``.</doc>
<msg timestamp="20230406 23:32:17.767" level="INFO">Typing text 'Shakalzyn' into text field 'business_name'.</msg>
<status status="PASS" starttime="20230406 23:32:17.766" endtime="20230406 23:32:17.851"/>
</kw>
<kw name="Input Text" library="SeleniumLibrary">
<arg>locator=email</arg>
<arg>text=${USUARIO.email}</arg>
<doc>Types the given ``text`` into the text field identified by ``locator``.</doc>
<msg timestamp="20230406 23:32:17.852" level="INFO">Typing text 'shakalzyn@mail.com' into text field 'email'.</msg>
<status status="PASS" starttime="20230406 23:32:17.851" endtime="20230406 23:32:17.960"/>
</kw>
<status status="PASS" starttime="20230406 23:32:17.536" endtime="20230406 23:32:17.960"/>
</kw>
<kw name="Resolver conta do SUBMIT e enviar formulario" library="resources">
<kw name="Get Text" library="SeleniumLibrary">
<var>${NUMERO1}</var>
<arg>locator=numb1</arg>
<doc>Returns the text value of the element identified by ``locator``.</doc>
<msg timestamp="20230406 23:32:17.995" level="INFO">${NUMERO1} = 5</msg>
<status status="PASS" starttime="20230406 23:32:17.963" endtime="20230406 23:32:17.995"/>
</kw>
<kw name="Get Text" library="SeleniumLibrary">
<var>${NUMERO2}</var>
<arg>locator=numb2</arg>
<doc>Returns the text value of the element identified by ``locator``.</doc>
<msg timestamp="20230406 23:32:18.019" level="INFO">${NUMERO2} = 1</msg>
<status status="PASS" starttime="20230406 23:32:17.995" endtime="20230406 23:32:18.019"/>
</kw>
<kw name="Evaluate" library="BuiltIn">
<var>${RESULTADO_CONTA}</var>
<arg>${NUMERO1}+${NUMERO2}</arg>
<doc>Evaluates the given expression in Python and returns the result.</doc>
<msg timestamp="20230406 23:32:18.019" level="INFO">${RESULTADO_CONTA} = 6</msg>
<status status="PASS" starttime="20230406 23:32:18.019" endtime="20230406 23:32:18.019"/>
</kw>
<kw name="Input Text" library="SeleniumLibrary">
<arg>locator=number</arg>
<arg>text=${RESULTADO_CONTA}</arg>
<doc>Types the given ``text`` into the text field identified by ``locator``.</doc>
<msg timestamp="20230406 23:32:18.020" level="INFO">Typing text '6' into text field 'number'.</msg>
<status status="PASS" starttime="20230406 23:32:18.019" endtime="20230406 23:32:18.095"/>
</kw>
<kw name="Log" library="BuiltIn">
<arg>${RESULTADO_CONTA}</arg>
<doc>Logs the given message with the given level.</doc>
<msg timestamp="20230406 23:32:18.095" level="INFO">6</msg>
<status status="PASS" starttime="20230406 23:32:18.095" endtime="20230406 23:32:18.095"/>
</kw>
<kw name="Click Element" library="SeleniumLibrary">
<arg>locator=${SUBMIT}</arg>
<doc>Click the element identified by ``locator``.</doc>
<msg timestamp="20230406 23:32:18.096" level="INFO">Clicking element 'demo'.</msg>
<status status="PASS" starttime="20230406 23:32:18.095" endtime="20230406 23:32:18.146"/>
</kw>
<kw name="Sleep" library="BuiltIn">
<arg>5s</arg>
<doc>Pauses the test executed for the given time.</doc>
<msg timestamp="20230406 23:32:23.148" level="INFO">Slept 5 seconds</msg>
<status status="PASS" starttime="20230406 23:32:18.146" endtime="20230406 23:32:23.148"/>
</kw>
<status status="PASS" starttime="20230406 23:32:17.962" endtime="20230406 23:32:23.148"/>
</kw>
<kw name="Fechar o navegador" library="resources" type="TEARDOWN">
<kw name="Capture Page Screenshot" library="SeleniumLibrary">
<doc>Takes a screenshot of the current page and embeds it into a log file.</doc>
<msg timestamp="20230406 23:32:23.324" level="INFO" html="true">&lt;/td&gt;&lt;/tr&gt;&lt;tr&gt;&lt;td colspan="3"&gt;&lt;a href="selenium-screenshot-9.png"&gt;&lt;img src="selenium-screenshot-9.png" width="800px"&gt;&lt;/a&gt;</msg>
<status status="PASS" starttime="20230406 23:32:23.149" endtime="20230406 23:32:23.325"/>
</kw>
<kw name="Close Browser" library="SeleniumLibrary">
<doc>Closes the current browser.</doc>
<status status="PASS" starttime="20230406 23:32:23.325" endtime="20230406 23:32:25.608"/>
</kw>
<status status="PASS" starttime="20230406 23:32:23.148" endtime="20230406 23:32:25.608"/>
</kw>
<doc>Esse envia o formulario do site php travels</doc>
<tag>forms</tag>
<status status="PASS" starttime="20230406 23:32:14.194" endtime="20230406 23:32:25.608"/>
</test>
<doc>Teste robot para avaliação</doc>
<status status="PASS" starttime="20230406 23:32:13.925" endtime="20230406 23:32:25.610"/>
</suite>
<statistics>
<total>
<stat pass="1" fail="0" skip="0">All Tests</stat>
</total>
<tag>
<stat pass="1" fail="0" skip="0">forms</stat>
</tag>
<suite>
<stat pass="1" fail="0" skip="0" id="s1" name="Avaliacao Teste">Avaliacao Teste</stat>
</suite>
</statistics>
<errors>
</errors>
</robot>
